<?xml version="1.0" encoding="UTF-8"?>
<testng-results skipped="0" failed="0" total="1" passed="1">
  <reporter-output>
  </reporter-output>
  <suite name="Default suite" duration-ms="15452" started-at="2014-09-24T11:16:49Z" finished-at="2014-09-24T11:17:04Z">
    <groups>
    </groups>
    <test name="Default test" duration-ms="15452" started-at="2014-09-24T11:16:49Z" finished-at="2014-09-24T11:17:04Z">
      <class name="com.nexii.lead.Researcher">
        <test-method status="PASS" signature="BeforeSuite()[pri:0, instance:com.nexii.lead.Researcher@1d45d18]" name="BeforeSuite" is-config="true" duration-ms="12" started-at="2014-09-24T16:46:49Z" finished-at="2014-09-24T16:46:49Z">
          <reporter-output>
          </reporter-output>
        </test-method> <!-- BeforeSuite -->
        <test-method status="PASS" signature="rearcher_test()[pri:0, instance:com.nexii.lead.Researcher@1d45d18]" name="rearcher_test" duration-ms="15429" started-at="2014-09-24T16:46:49Z" finished-at="2014-09-24T16:47:04Z">
          <reporter-output>
          </reporter-output>
        </test-method> <!-- rearcher_test -->
      </class> <!-- com.nexii.lead.Researcher -->
    </test> <!-- Default test -->
  </suite> <!-- Default suite -->
</testng-results>
