<?xml version="1.0" encoding="UTF-8"?>
<testng-results skipped="0" failed="0" total="1" passed="1">
  <reporter-output>
  </reporter-output>
  <suite name="Default suite" duration-ms="25646" started-at="2014-09-25T14:45:03Z" finished-at="2014-09-25T14:45:29Z">
    <groups>
    </groups>
    <test name="Default test" duration-ms="25646" started-at="2014-09-25T14:45:03Z" finished-at="2014-09-25T14:45:29Z">
      <class name="com.nexii.lead.VPsales">
        <test-method status="PASS" signature="BeforeSuite()[pri:0, instance:com.nexii.lead.VPsales@1a13f3d]" name="BeforeSuite" is-config="true" duration-ms="41" started-at="2014-09-25T20:15:03Z" finished-at="2014-09-25T20:15:03Z">
          <reporter-output>
          </reporter-output>
        </test-method> <!-- BeforeSuite -->
        <test-method status="PASS" signature="vp_test()[pri:0, instance:com.nexii.lead.VPsales@1a13f3d]" name="vp_test" duration-ms="25611" started-at="2014-09-25T20:15:03Z" finished-at="2014-09-25T20:15:29Z">
          <reporter-output>
          </reporter-output>
        </test-method> <!-- vp_test -->
      </class> <!-- com.nexii.lead.VPsales -->
    </test> <!-- Default test -->
  </suite> <!-- Default suite -->
</testng-results>
