<?xml version="1.0" encoding="UTF-8"?>
<testng-results skipped="0" failed="0" total="1" passed="1">
  <reporter-output>
  </reporter-output>
  <suite name="Default suite" duration-ms="35039" started-at="2014-09-26T10:09:08Z" finished-at="2014-09-26T10:09:43Z">
    <groups>
    </groups>
    <test name="Default test" duration-ms="35039" started-at="2014-09-26T10:09:08Z" finished-at="2014-09-26T10:09:43Z">
      <class name="com.nexii.lead.BDE">
        <test-method status="PASS" signature="BeforeSuite()[pri:0, instance:com.nexii.lead.BDE@283a0f10]" name="BeforeSuite" is-config="true" duration-ms="10" started-at="2014-09-26T15:39:08Z" finished-at="2014-09-26T15:39:08Z">
          <reporter-output>
          </reporter-output>
        </test-method> <!-- BeforeSuite -->
        <test-method status="PASS" signature="bde_test()[pri:0, instance:com.nexii.lead.BDE@283a0f10]" name="bde_test" duration-ms="35019" started-at="2014-09-26T15:39:08Z" finished-at="2014-09-26T15:39:43Z">
          <reporter-output>
          </reporter-output>
        </test-method> <!-- bde_test -->
      </class> <!-- com.nexii.lead.BDE -->
    </test> <!-- Default test -->
  </suite> <!-- Default suite -->
</testng-results>
