<?xml version="1.0" encoding="UTF-8"?>
<testng-results skipped="0" failed="0" total="1" passed="1">
  <reporter-output>
  </reporter-output>
  <suite name="Default suite" duration-ms="14275" started-at="2014-09-24T10:44:37Z" finished-at="2014-09-24T10:44:52Z">
    <groups>
    </groups>
    <test name="Default test" duration-ms="14275" started-at="2014-09-24T10:44:37Z" finished-at="2014-09-24T10:44:52Z">
      <class name="com.nexii.lead.Administrator">
        <test-method status="PASS" signature="BeforeSuite()[pri:0, instance:com.nexii.lead.Administrator@133650d]" name="BeforeSuite" is-config="true" duration-ms="13" started-at="2014-09-24T16:14:37Z" finished-at="2014-09-24T16:14:37Z">
          <reporter-output>
          </reporter-output>
        </test-method> <!-- BeforeSuite -->
        <test-method status="PASS" signature="admin_test()[pri:0, instance:com.nexii.lead.Administrator@133650d]" name="admin_test" duration-ms="14262" started-at="2014-09-24T16:14:37Z" finished-at="2014-09-24T16:14:52Z">
          <reporter-output>
          </reporter-output>
        </test-method> <!-- admin_test -->
      </class> <!-- com.nexii.lead.Administrator -->
    </test> <!-- Default test -->
  </suite> <!-- Default suite -->
</testng-results>
